<?xml version="1.0" encoding="UTF-8" ?>
<dataset>
  <orders order_id="99" order_account_id="11" order_date="2018-09-09" order_num="1234" shipping_address_id="111" total_price="100"/>
  <order_line_item line_item_id="2" line_item_price="10" line_item_product_id="3" line_item_shipment_id="111" quantity="7" order_id="99"/>
</dataset>